<?xml version="1.0" encoding="UTF-8"?>
<testng-results ignored="0" total="1" passed="1" failed="0" skipped="0">
  <reporter-output>
  </reporter-output>
  <suite started-at="2021-12-25T10:46:17Z" name="Suite" finished-at="2021-12-25T10:46:21Z" duration-ms="3949">
    <groups>
    </groups>
    <test started-at="2021-12-25T10:46:17Z" name="Test" finished-at="2021-12-25T10:46:21Z" duration-ms="3949">
      <class name="RestAPIChaining.EndToEndTest">
        <test-method signature="test1()[pri:0, instance:RestAPIChaining.EndToEndTest@1e6a3214]" started-at="2021-12-25T10:46:18Z" name="test1" finished-at="2021-12-25T10:46:21Z" duration-ms="3894" status="PASS">
          <reporter-output>
          </reporter-output>
        </test-method> <!-- test1 -->
      </class> <!-- RestAPIChaining.EndToEndTest -->
    </test> <!-- Test -->
  </suite> <!-- Suite -->
</testng-results>
