<?xml version="1.0" encoding="UTF-8"?>
<testng-results ignored="0" total="1" passed="1" failed="0" skipped="0">
  <reporter-output>
  </reporter-output>
  <suite started-at="2021-12-25T11:28:29Z" name="Default suite" finished-at="2021-12-25T11:28:33Z" duration-ms="4295">
    <groups>
    </groups>
    <test started-at="2021-12-25T11:28:29Z" name="Default test" finished-at="2021-12-25T11:28:33Z" duration-ms="4295">
      <class name="oAuth.oAuthRequest">
        <test-method signature="PostCall()[pri:0, instance:oAuth.oAuthRequest@409c54f]" started-at="2021-12-25T11:28:29Z" name="PostCall" finished-at="2021-12-25T11:28:33Z" duration-ms="4223" status="PASS">
          <reporter-output>
          </reporter-output>
        </test-method> <!-- PostCall -->
      </class> <!-- oAuth.oAuthRequest -->
    </test> <!-- Default test -->
  </suite> <!-- Default suite -->
</testng-results>
